<?xml version="1.0" encoding="UTF-8"?>
<testsuites name="Mocha Tests" time="1.0240" tests="4" failures="0">
  <testsuite name="Root Suite" timestamp="2022-03-24T22:54:08" tests="0" file="cypress/integration/list-item.spec.js" time="0.0000" failures="0">
  </testsuite>
  <testsuite name="List items" timestamp="2022-03-24T22:54:08" tests="4" time="1.0240" failures="0">
    <testcase name="List items properly displays completed items" time="0.4520" classname="properly displays completed items">
    </testcase>
    <testcase name="List items Shows remaining todos in the footer" time="0.1330" classname="Shows remaining todos in the footer">
    </testcase>
    <testcase name="List items Removes a todo" time="0.2260" classname="Removes a todo">
    </testcase>
    <testcase name="List items Marks an incomplete item complete" time="0.2130" classname="Marks an incomplete item complete">
    </testcase>
  </testsuite>
</testsuites>