<?xml version="1.0" encoding="UTF-8"?>
<testsuites name="Mocha Tests" time="0.8290" tests="2" failures="0">
  <testsuite name="Root Suite" timestamp="2022-04-06T19:41:40" tests="0" file="cypress/integration/app-init.spec.js" time="0.0000" failures="0">
  </testsuite>
  <testsuite name="App initialization" timestamp="2022-04-06T19:41:40" tests="2" time="0.8290" failures="0">
    <testcase name="App initialization Loads todos on page load" time="0.6260" classname="Loads todos on page load">
    </testcase>
    <testcase name="App initialization Display an error on failure" time="0.2030" classname="Display an error on failure">
    </testcase>
  </testsuite>
</testsuites>