<?xml version="1.0" encoding="UTF-8"?>
<testsuites name="Mocha Tests" time="1.3360" tests="4" failures="0">
  <testsuite name="Root Suite" timestamp="2022-04-23T11:18:28" tests="0" file="cypress/integration/list-item.spec.js" time="0.0000" failures="0">
  </testsuite>
  <testsuite name="List items" timestamp="2022-04-23T11:18:28" tests="4" time="1.3360" failures="0">
    <testcase name="List items properly displays completed items" time="0.6100" classname="properly displays completed items">
    </testcase>
    <testcase name="List items Shows remaining todos in the footer" time="0.1560" classname="Shows remaining todos in the footer">
    </testcase>
    <testcase name="List items Removes a todo" time="0.2790" classname="Removes a todo">
    </testcase>
    <testcase name="List items Marks an incomplete item complete" time="0.2910" classname="Marks an incomplete item complete">
    </testcase>
  </testsuite>
</testsuites>